<?xml version="1.0" encoding="UTF-8"?>
<!-- Generated by org.testng.reporters.JUnitReportReporter -->
<testsuite hostname="DLI10-IT-ANJALI" name="com.safexpress.MDM.API_Automation.pagelibrary.DemoClass" tests="1" failures="0" timestamp="30 Jan 2020 12:02:37 GMT" time="0.419" errors="0">
  <testcase name="ReadExcle" time="0.419" classname="com.safexpress.MDM.API_Automation.pagelibrary.DemoClass"/>
</testsuite> <!-- com.safexpress.MDM.API_Automation.pagelibrary.DemoClass -->
