<?xml version="1.0" encoding="UTF-8"?>
<!-- Generated by org.testng.reporters.JUnitReportReporter -->
<testsuite hostname="DLI10-IT-DHRM" name="com.safexp.MDM.automation.testcases.Usermanagement.UsercreationTest" tests="4" failures="0" timestamp="24 Apr 2020 11:35:14 GMT" time="848.448" errors="0">
  <testcase name="hybridTestAutomation" time="80.239" classname="com.safexp.MDM.automation.testcases.Usermanagement.UsercreationTest"/>
  <testcase name="hybridTestAutomation" time="100.556" classname="com.safexp.MDM.automation.testcases.Usermanagement.UsercreationTest"/>
  <testcase name="hybridTestAutomation" time="396.825" classname="com.safexp.MDM.automation.testcases.Usermanagement.UsercreationTest"/>
  <testcase name="hybridTestAutomation" time="270.828" classname="com.safexp.MDM.automation.testcases.Usermanagement.UsercreationTest"/>
</testsuite> <!-- com.safexp.MDM.automation.testcases.Usermanagement.UsercreationTest -->
